<?xml version="1.0" encoding="UTF-8" ?>
<testsuite failures="0" time="6.66" errors="0" skipped="0" tests="4" name="com.example.activity.MainActivityTest">
  <properties>
[...]
</properties>
  <testcase time="5.996" classname="com.example.activity.MainActivityTest" name="loginSuccess"/>
  <testcase time="0.223" classname="com.example.activity.MainActivityTest" name="loginEmptyError"/>
  <testcase time="0.218" classname="com.example.activity.MainActivityTest" name="titleIsCorrect"/>
  <testcase time="0.136" classname="com.example.activity.MainActivityTest" name="loginError"/>
</testsuite>