<?xml version="1.0" encoding="UTF-8" ?>
<testsuite tests="4" failures="0" name="com.example.activity.MainActivityTest" time="7.966" errors="0" skipped="0">
  <properties>
[...]
</properties>
  <testcase classname="com.example.activity.MainActivityTest" name="loginEmptyError" time="6.788"/>
  <testcase classname="com.example.activity.MainActivityTest" name="loginError" time="0.386"/>
  <testcase classname="com.example.activity.MainActivityTest" name="loginSuccess" time="0.391"/>
  <testcase classname="com.example.activity.MainActivityTest" name="titleIsCorrect" time="0.311"/>
</testsuite>